{"/Users/pozyzniewski/Code/02_Learning/01_Vue/tdd-kata-greeter/src/utils/greeter.js": {"path":"/Users/pozyzniewski/Code/02_Learning/01_Vue/tdd-kata-greeter/src/utils/greeter.js","statementMap":{"0":{"start":{"line":15,"column":4},"end":{"line":15,"column":67}},"1":{"start":{"line":19,"column":21},"end":{"line":19,"column":32}},"2":{"start":{"line":20,"column":20},"end":{"line":20,"column":86}},"3":{"start":{"line":22,"column":24},"end":{"line":22,"column":68}},"4":{"start":{"line":23,"column":24},"end":{"line":23,"column":46}},"5":{"start":{"line":25,"column":21},"end":{"line":25,"column":67}},"6":{"start":{"line":26,"column":4},"end":{"line":26,"column":26}},"7":{"start":{"line":28,"column":4},"end":{"line":28,"column":20}},"8":{"start":{"line":34,"column":4},"end":{"line":42,"column":5}},"9":{"start":{"line":35,"column":6},"end":{"line":35,"column":32}},"10":{"start":{"line":36,"column":11},"end":{"line":42,"column":5}},"11":{"start":{"line":37,"column":6},"end":{"line":37,"column":32}},"12":{"start":{"line":38,"column":11},"end":{"line":42,"column":5}},"13":{"start":{"line":39,"column":6},"end":{"line":39,"column":30}},"14":{"start":{"line":41,"column":6},"end":{"line":41,"column":25}},"15":{"start":{"line":44,"column":4},"end":{"line":44,"column":20}},"16":{"start":{"line":48,"column":0},"end":{"line":48,"column":25}}},"fnMap":{"0":{"name":"(anonymous_0)","decl":{"start":{"line":14,"column":2},"end":{"line":14,"column":3}},"loc":{"start":{"line":14,"column":43},"end":{"line":16,"column":3}},"line":14},"1":{"name":"(anonymous_1)","decl":{"start":{"line":18,"column":2},"end":{"line":18,"column":3}},"loc":{"start":{"line":18,"column":14},"end":{"line":29,"column":3}},"line":18},"2":{"name":"(anonymous_2)","decl":{"start":{"line":31,"column":2},"end":{"line":31,"column":3}},"loc":{"start":{"line":31,"column":28},"end":{"line":45,"column":3}},"line":31}},"branchMap":{"0":{"loc":{"start":{"line":34,"column":4},"end":{"line":42,"column":5}},"type":"if","locations":[{"start":{"line":34,"column":4},"end":{"line":42,"column":5}},{"start":{"line":34,"column":4},"end":{"line":42,"column":5}}],"line":34},"1":{"loc":{"start":{"line":34,"column":8},"end":{"line":34,"column":44}},"type":"binary-expr","locations":[{"start":{"line":34,"column":8},"end":{"line":34,"column":24}},{"start":{"line":34,"column":28},"end":{"line":34,"column":44}}],"line":34},"2":{"loc":{"start":{"line":36,"column":11},"end":{"line":42,"column":5}},"type":"if","locations":[{"start":{"line":36,"column":11},"end":{"line":42,"column":5}},{"start":{"line":36,"column":11},"end":{"line":42,"column":5}}],"line":36},"3":{"loc":{"start":{"line":36,"column":15},"end":{"line":36,"column":52}},"type":"binary-expr","locations":[{"start":{"line":36,"column":15},"end":{"line":36,"column":32}},{"start":{"line":36,"column":36},"end":{"line":36,"column":52}}],"line":36},"4":{"loc":{"start":{"line":38,"column":11},"end":{"line":42,"column":5}},"type":"if","locations":[{"start":{"line":38,"column":11},"end":{"line":42,"column":5}},{"start":{"line":38,"column":11},"end":{"line":42,"column":5}}],"line":38},"5":{"loc":{"start":{"line":38,"column":15},"end":{"line":38,"column":51}},"type":"binary-expr","locations":[{"start":{"line":38,"column":15},"end":{"line":38,"column":32}},{"start":{"line":38,"column":36},"end":{"line":38,"column":51}}],"line":38}},"s":{"0":7,"1":16,"2":16,"3":16,"4":16,"5":16,"6":16,"7":16,"8":16,"9":2,"10":14,"11":2,"12":12,"13":2,"14":10,"15":16,"16":1},"f":{"0":7,"1":16,"2":16},"b":{"0":[2,14],"1":[16,15],"2":[2,12],"3":[14,3],"4":[2,10],"5":[12,11]},"_coverageSchema":"43e27e138ebf9cfc5966b082cf9a028302ed4184","hash":"6c8065efaedfa0b130ad0ad150849a8ba436c0d2"}
}
