TN:
SF:/Users/pozyzniewski/Code/02_Learning/01_Vue/tdd-kata-greeter/src/utils/greeter.js
FN:14,(anonymous_0)
FN:18,(anonymous_1)
FN:31,(anonymous_2)
FNF:3
FNH:3
FNDA:7,(anonymous_0)
FNDA:16,(anonymous_1)
FNDA:16,(anonymous_2)
DA:15,7
DA:19,16
DA:20,16
DA:22,16
DA:23,16
DA:25,16
DA:26,16
DA:28,16
DA:34,16
DA:35,2
DA:36,14
DA:37,2
DA:38,12
DA:39,2
DA:41,10
DA:44,16
DA:48,1
LF:17
LH:17
BRDA:34,0,0,2
BRDA:34,0,1,14
BRDA:34,1,0,16
BRDA:34,1,1,15
BRDA:36,2,0,2
BRDA:36,2,1,12
BRDA:36,3,0,14
BRDA:36,3,1,3
BRDA:38,4,0,2
BRDA:38,4,1,10
BRDA:38,5,0,12
BRDA:38,5,1,11
BRF:12
BRH:12
end_of_record
